2025-07-19 08:45:38,465 INFO  o.s.AlfrescoNodeVaultApplication - Starting AlfrescoNodeVaultApplication using Java 21.0.7 with PID 246245 (/home/saidone/workspace-alfresco/alfresco-node-vault/target/classes started by saidone in /home/saidone/workspace-alfresco/alfresco-node-vault)
2025-07-19 08:45:38,467 INFO  o.s.AlfrescoNodeVaultApplication - The following 1 profile is active: "dev"
2025-07-19 08:45:38,488 INFO  o.s.v.c.e.LeaseAwareVaultPropertySource - Vault location [secret/AlfrescoNodeVault/dev] not resolvable: Not found
2025-07-19 08:45:38,488 INFO  o.s.v.c.e.LeaseAwareVaultPropertySource - Vault location [secret/application/dev] not resolvable: Not found
2025-07-19 08:45:38,488 INFO  o.s.v.c.e.LeaseAwareVaultPropertySource - Vault location [secret/application] not resolvable: Not found
2025-07-19 08:45:39,238 INFO  o.s.d.r.c.RepositoryConfigurationDelegate - Bootstrapping Spring Data MongoDB repositories in DEFAULT mode.
2025-07-19 08:45:39,249 INFO  o.s.d.r.c.RepositoryConfigurationDelegate - Finished Spring Data repository scanning in 7 ms. Found 0 MongoDB repository interfaces.
2025-07-19 08:45:39,296 INFO  o.s.i.c.DefaultConfiguringBeanFactoryPostProcessor - No bean named 'errorChannel' has been explicitly defined. Therefore, a default PublishSubscribeChannel will be created.
2025-07-19 08:45:39,305 INFO  o.s.i.c.DefaultConfiguringBeanFactoryPostProcessor - No bean named 'integrationHeaderChannelRegistry' has been explicitly defined. Therefore, a default DefaultHeaderChannelRegistry will be created.
2025-07-19 08:45:39,376 INFO  o.s.cloud.context.scope.GenericScope - BeanFactory id=f8007e7e-6ccc-3810-a0af-67fa7559bcbd
2025-07-19 08:45:39,564 INFO  org.mongodb.driver.client - MongoClient with metadata {"driver": {"name": "mongo-java-driver|sync", "version": "5.5.1"}, "os": {"type": "Linux", "name": "Linux", "architecture": "amd64", "version": "6.8.0-64-generic"}, "platform": "Java/Ubuntu/21.0.7+6-Ubuntu-0ubuntu124.04"} created with settings MongoClientSettings{readPreference=primary, writeConcern=WriteConcern{w=majority, wTimeout=null ms, journal=null}, retryWrites=true, retryReads=true, readConcern=ReadConcern{level=null}, credential=MongoCredential{mechanism=null, userName='root', source='admin', password=<hidden>, mechanismProperties=<hidden>}, transportSettings=null, commandListeners=[], codecRegistry=ProvidersCodecRegistry{codecProviders=[ProvidersCodecRegistry{codecProviders=[ValueCodecProvider{}, BsonValueCodecProvider{}, DBRefCodecProvider{}, DBObjectCodecProvider{}, DocumentCodecProvider{}, CollectionCodecProvider{}, IterableCodecProvider{}, MapCodecProvider{}, GeoJsonCodecProvider{}, GridFSFileCodecProvider{}, Jsr310CodecProvider{}, JsonObjectCodecProvider{}, BsonCodecProvider{}, EnumCodecProvider{}, com.mongodb.client.model.mql.ExpressionCodecProvider@103033fe, com.mongodb.Jep395RecordCodecProvider@25511895, com.mongodb.KotlinCodecProvider@38f569d]}, ProvidersCodecRegistry{codecProviders=[org.bson.codecs.pojo.PojoCodecProvider@6464f017]}]}, loggerSettings=LoggerSettings{maxDocumentLength=1000}, clusterSettings={hosts=[localhost:27017], srvServiceName=mongodb, mode=SINGLE, requiredClusterType=UNKNOWN, requiredReplicaSetName='null', serverSelector='null', clusterListeners='[]', serverSelectionTimeout='30000 ms', localThreshold='15 ms'}, socketSettings=SocketSettings{connectTimeoutMS=10000, readTimeoutMS=0, receiveBufferSize=0, proxySettings=ProxySettings{host=null, port=null, username=null, password=null}}, heartbeatSocketSettings=SocketSettings{connectTimeoutMS=10000, readTimeoutMS=10000, receiveBufferSize=0, proxySettings=ProxySettings{host=null, port=null, username=null, password=null}}, connectionPoolSettings=ConnectionPoolSettings{maxSize=100, minSize=0, maxWaitTimeMS=120000, maxConnectionLifeTimeMS=0, maxConnectionIdleTimeMS=0, maintenanceInitialDelayMS=0, maintenanceFrequencyMS=60000, connectionPoolListeners=[], maxConnecting=2}, serverSettings=ServerSettings{heartbeatFrequencyMS=10000, minHeartbeatFrequencyMS=500, serverMonitoringMode=AUTO, serverListeners='[]', serverMonitorListeners='[]'}, sslSettings=SslSettings{enabled=false, invalidHostNameAllowed=false, context=null}, applicationName='null', compressorList=[], uuidRepresentation=UNSPECIFIED, serverApi=ServerApi{version=V1, deprecationErrors=null, strict=null}, autoEncryptionSettings=null, dnsClient=null, inetAddressResolver=null, contextProvider=null, timeoutMS=null}
2025-07-19 08:45:39,578 INFO  org.mongodb.driver.cluster - Monitor thread successfully connected to server with description ServerDescription{address=localhost:27017, type=STANDALONE, cryptd=false, state=CONNECTED, ok=true, minWireVersion=0, maxWireVersion=25, maxDocumentSize=16777216, logicalSessionTimeoutMinutes=30, roundTripTimeNanos=19023745, minRoundTripTimeNanos=0}
2025-07-19 08:45:39,670 INFO  org.saidone.component.BaseComponent - >>>>> Starting AuditService
2025-07-19 08:45:39,672 INFO  org.saidone.component.BaseComponent - >>>>> Starting AuditWebFilter
2025-07-19 08:45:39,674 INFO  org.saidone.component.BaseComponent - >>>>> Starting AuditCollectionCreator
2025-07-19 08:45:39,741 INFO  o.s.component.AuditCollectionCreator - Collection 'vault_audit' already exists.
2025-07-19 08:45:39,741 INFO  org.saidone.component.BaseComponent - <<<<< Stopping AuditCollectionCreator
2025-07-19 08:45:39,919 DEBUG org.saidone.config.EthereumConfig - Ethereum account loaded: 0x9c5b620ca0d9493f870388016fd86c16d2503302
2025-07-19 08:45:40,298 INFO  org.saidone.component.BaseComponent - >>>>> Starting SecretService
2025-07-19 08:45:40,316 INFO  org.saidone.component.BaseComponent - >>>>> Starting BcCryptoServiceImpl
2025-07-19 08:45:40,323 INFO  org.saidone.component.BaseComponent - >>>>> Starting EncryptedMongoNodeRepositoryImpl
2025-07-19 08:45:40,354 INFO  o.s.c.g.r.RouteDefinitionRouteLocator - Loaded RoutePredicateFactory [IsOnVaultPredicate]
2025-07-19 08:45:40,354 INFO  o.s.c.g.r.RouteDefinitionRouteLocator - Loaded RoutePredicateFactory [After]
2025-07-19 08:45:40,354 INFO  o.s.c.g.r.RouteDefinitionRouteLocator - Loaded RoutePredicateFactory [Before]
2025-07-19 08:45:40,354 INFO  o.s.c.g.r.RouteDefinitionRouteLocator - Loaded RoutePredicateFactory [Between]
2025-07-19 08:45:40,354 INFO  o.s.c.g.r.RouteDefinitionRouteLocator - Loaded RoutePredicateFactory [Cookie]
2025-07-19 08:45:40,354 INFO  o.s.c.g.r.RouteDefinitionRouteLocator - Loaded RoutePredicateFactory [Header]
2025-07-19 08:45:40,354 INFO  o.s.c.g.r.RouteDefinitionRouteLocator - Loaded RoutePredicateFactory [Host]
2025-07-19 08:45:40,354 INFO  o.s.c.g.r.RouteDefinitionRouteLocator - Loaded RoutePredicateFactory [Method]
2025-07-19 08:45:40,354 INFO  o.s.c.g.r.RouteDefinitionRouteLocator - Loaded RoutePredicateFactory [Path]
2025-07-19 08:45:40,355 INFO  o.s.c.g.r.RouteDefinitionRouteLocator - Loaded RoutePredicateFactory [Query]
2025-07-19 08:45:40,355 INFO  o.s.c.g.r.RouteDefinitionRouteLocator - Loaded RoutePredicateFactory [ReadBody]
2025-07-19 08:45:40,355 INFO  o.s.c.g.r.RouteDefinitionRouteLocator - Loaded RoutePredicateFactory [RemoteAddr]
2025-07-19 08:45:40,355 INFO  o.s.c.g.r.RouteDefinitionRouteLocator - Loaded RoutePredicateFactory [XForwardedRemoteAddr]
2025-07-19 08:45:40,355 INFO  o.s.c.g.r.RouteDefinitionRouteLocator - Loaded RoutePredicateFactory [Weight]
2025-07-19 08:45:40,355 INFO  o.s.c.g.r.RouteDefinitionRouteLocator - Loaded RoutePredicateFactory [CloudFoundryRouteService]
2025-07-19 08:45:40,493 INFO  org.saidone.component.BaseComponent - >>>>> Starting AlfrescoService
2025-07-19 08:45:40,499 INFO  org.saidone.component.BaseComponent - >>>>> Starting MongoNodeService
2025-07-19 08:45:40,830 INFO  org.saidone.component.BaseComponent - >>>>> Starting EncryptedS3RepositoryImpl
2025-07-19 08:45:40,833 INFO  org.saidone.component.BaseComponent - >>>>> Starting S3ContentService
2025-07-19 08:45:40,833 INFO  org.saidone.component.BaseComponent - >>>>> Starting VaultService
2025-07-19 08:45:40,838 INFO  org.saidone.component.BaseComponent - >>>>> Starting EthereumService
2025-07-19 08:45:40,922 INFO  org.saidone.component.BaseComponent - >>>>> Starting NodeArchivingJob
2025-07-19 08:45:41,404 INFO  o.s.b.a.e.web.EndpointLinksResolver - Exposing 6 endpoints beneath base path '/actuator'
2025-07-19 08:45:41,959 INFO  o.s.i.endpoint.EventDrivenConsumer - Adding {logging-channel-adapter:_org.springframework.integration.errorLogger} as a subscriber to the 'errorChannel' channel
2025-07-19 08:45:41,960 INFO  o.s.i.c.PublishSubscribeChannel - Channel 'AlfrescoNodeVault.errorChannel' has 1 subscriber(s).
2025-07-19 08:45:41,960 INFO  o.s.i.endpoint.EventDrivenConsumer - started bean '_org.springframework.integration.errorLogger'
2025-07-19 08:45:41,960 INFO  o.s.i.endpoint.EventDrivenConsumer - Adding {recipient-list-router} as a subscriber to the 'acsEventsListeningFlow.channel#1' channel
2025-07-19 08:45:41,960 INFO  o.s.i.channel.DirectChannel - Channel 'AlfrescoNodeVault.acsEventsListeningFlow.channel#1' has 1 subscriber(s).
2025-07-19 08:45:41,960 INFO  o.s.i.endpoint.EventDrivenConsumer - started bean 'acsEventsListeningFlow.org.springframework.integration.config.ConsumerEndpointFactoryBean#1'; from source: 'org.alfresco.event.sdk.autoconfigure.AlfrescoEventsAutoConfiguration.acsEventsListeningFlow(org.apache.activemq.ActiveMQConnectionFactory,org.springframework.integration.channel.DirectChannel,jakarta.jms.Topic,org.springframework.integration.core.GenericTransformer)'
2025-07-19 08:45:41,960 INFO  o.s.i.channel.DirectChannel - Channel 'AlfrescoNodeVault.acsEventsHandlersFlow.channel#1' has 1 subscriber(s).
2025-07-19 08:45:41,960 INFO  o.s.i.endpoint.EventDrivenConsumer - started bean 'acsEventsHandlersFlow.org.springframework.integration.config.ConsumerEndpointFactoryBean#1'; from source: 'org.alfresco.event.sdk.autoconfigure.AlfrescoEventsAutoConfiguration.acsEventsHandlersFlow(org.alfresco.event.sdk.handling.EventHandlingExecutor)'
2025-07-19 08:45:41,960 INFO  o.s.i.endpoint.EventDrivenConsumer - Adding {transformer} as a subscriber to the 'acsEventsListeningFlow.channel#0' channel
2025-07-19 08:45:41,960 INFO  o.s.i.channel.DirectChannel - Channel 'AlfrescoNodeVault.acsEventsListeningFlow.channel#0' has 1 subscriber(s).
2025-07-19 08:45:41,961 INFO  o.s.i.endpoint.EventDrivenConsumer - started bean 'acsEventsListeningFlow.org.springframework.integration.config.ConsumerEndpointFactoryBean#0'; from source: 'org.alfresco.event.sdk.autoconfigure.AlfrescoEventsAutoConfiguration.acsEventsListeningFlow(org.apache.activemq.ActiveMQConnectionFactory,org.springframework.integration.channel.DirectChannel,jakarta.jms.Topic,org.springframework.integration.core.GenericTransformer)'
2025-07-19 08:45:41,961 INFO  o.s.i.endpoint.EventDrivenConsumer - Adding {bridge} as a subscriber to the 'alfresco.events.si.channel' channel
2025-07-19 08:45:41,961 INFO  o.s.i.channel.DirectChannel - Channel 'AlfrescoNodeVault.alfresco.events.si.channel' has 1 subscriber(s).
2025-07-19 08:45:41,961 INFO  o.s.i.endpoint.EventDrivenConsumer - started bean 'acsEventsSpringIntegrationFlow.org.springframework.integration.config.ConsumerEndpointFactoryBean#0'; from source: 'org.alfresco.event.sdk.autoconfigure.AlfrescoEventsAutoConfiguration.acsEventsSpringIntegrationFlow(org.springframework.integration.channel.PublishSubscribeChannel)'
2025-07-19 08:45:41,961 INFO  o.s.i.endpoint.EventDrivenConsumer - Adding {bridge} as a subscriber to the 'acsEventsSpringIntegrationFlow.channel#1' channel
2025-07-19 08:45:41,961 INFO  o.s.i.channel.DirectChannel - Channel 'AlfrescoNodeVault.acsEventsSpringIntegrationFlow.channel#1' has 1 subscriber(s).
2025-07-19 08:45:41,961 INFO  o.s.i.endpoint.EventDrivenConsumer - started bean 'acsEventsSpringIntegrationFlow.org.springframework.integration.config.ConsumerEndpointFactoryBean#1'; from source: 'org.alfresco.event.sdk.autoconfigure.AlfrescoEventsAutoConfiguration.acsEventsSpringIntegrationFlow(org.springframework.integration.channel.PublishSubscribeChannel)'
2025-07-19 08:45:41,961 INFO  o.s.i.endpoint.EventDrivenConsumer - Adding {bridge} as a subscriber to the 'alfresco.events.handlers.channel' channel
2025-07-19 08:45:41,961 INFO  o.s.i.channel.DirectChannel - Channel 'AlfrescoNodeVault.alfresco.events.handlers.channel' has 1 subscriber(s).
2025-07-19 08:45:41,961 INFO  o.s.i.endpoint.EventDrivenConsumer - started bean 'acsEventsHandlersFlow.org.springframework.integration.config.ConsumerEndpointFactoryBean#0'; from source: 'org.alfresco.event.sdk.autoconfigure.AlfrescoEventsAutoConfiguration.acsEventsHandlersFlow(org.alfresco.event.sdk.handling.EventHandlingExecutor)'
2025-07-19 08:45:41,961 INFO  o.s.i.j.ChannelPublishingJmsMessageListener$GatewayDelegate - started org.springframework.integration.jms.ChannelPublishingJmsMessageListener$GatewayDelegate@193594ad
2025-07-19 08:45:42,118 INFO  o.s.i.jms.JmsMessageDrivenEndpoint - started bean 'acsEventsListeningFlow.jms:message-driven-channel-adapter#0'; from source: 'org.alfresco.event.sdk.autoconfigure.AlfrescoEventsAutoConfiguration.acsEventsListeningFlow(org.apache.activemq.ActiveMQConnectionFactory,org.springframework.integration.channel.DirectChannel,jakarta.jms.Topic,org.springframework.integration.core.GenericTransformer)'
2025-07-19 08:45:42,125 INFO  o.s.b.w.e.netty.NettyWebServer - Netty started on port 8086 (http)
2025-07-19 08:45:42,262 INFO  o.s.AlfrescoNodeVaultApplication - Started AlfrescoNodeVaultApplication in 4.783 seconds (process running for 5.068)
2025-07-19 08:45:50,007 DEBUG org.saidone.service.AlfrescoService - Skip count: 0
2025-07-19 08:45:50,227 INFO  org.saidone.service.AlfrescoService - Documents processed: 0
2025-07-19 08:45:55,152 INFO  o.s.b.w.e.netty.GracefulShutdown - Commencing graceful shutdown. Waiting for active requests to complete
2025-07-19 08:45:55,156 INFO  o.s.b.w.e.netty.GracefulShutdown - Graceful shutdown complete
2025-07-19 08:45:55,158 INFO  o.s.i.j.ChannelPublishingJmsMessageListener$GatewayDelegate - stopped org.springframework.integration.jms.ChannelPublishingJmsMessageListener$GatewayDelegate@193594ad
2025-07-19 08:45:55,158 INFO  o.s.i.jms.JmsMessageDrivenEndpoint - stopped bean 'acsEventsListeningFlow.jms:message-driven-channel-adapter#0'; from source: 'org.alfresco.event.sdk.autoconfigure.AlfrescoEventsAutoConfiguration.acsEventsListeningFlow(org.apache.activemq.ActiveMQConnectionFactory,org.springframework.integration.channel.DirectChannel,jakarta.jms.Topic,org.springframework.integration.core.GenericTransformer)'
2025-07-19 08:45:57,180 INFO  o.s.i.endpoint.EventDrivenConsumer - Removing {transformer} as a subscriber to the 'acsEventsListeningFlow.channel#0' channel
2025-07-19 08:45:57,180 INFO  o.s.i.channel.DirectChannel - Channel 'AlfrescoNodeVault.acsEventsListeningFlow.channel#0' has 0 subscriber(s).
2025-07-19 08:45:57,180 INFO  o.s.i.endpoint.EventDrivenConsumer - stopped bean 'acsEventsListeningFlow.org.springframework.integration.config.ConsumerEndpointFactoryBean#0'; from source: 'org.alfresco.event.sdk.autoconfigure.AlfrescoEventsAutoConfiguration.acsEventsListeningFlow(org.apache.activemq.ActiveMQConnectionFactory,org.springframework.integration.channel.DirectChannel,jakarta.jms.Topic,org.springframework.integration.core.GenericTransformer)'
2025-07-19 08:45:57,180 INFO  o.s.i.endpoint.EventDrivenConsumer - Removing {recipient-list-router} as a subscriber to the 'acsEventsListeningFlow.channel#1' channel
2025-07-19 08:45:57,180 INFO  o.s.i.channel.DirectChannel - Channel 'AlfrescoNodeVault.acsEventsListeningFlow.channel#1' has 0 subscriber(s).
2025-07-19 08:45:57,180 INFO  o.s.i.endpoint.EventDrivenConsumer - stopped bean 'acsEventsListeningFlow.org.springframework.integration.config.ConsumerEndpointFactoryBean#1'; from source: 'org.alfresco.event.sdk.autoconfigure.AlfrescoEventsAutoConfiguration.acsEventsListeningFlow(org.apache.activemq.ActiveMQConnectionFactory,org.springframework.integration.channel.DirectChannel,jakarta.jms.Topic,org.springframework.integration.core.GenericTransformer)'
2025-07-19 08:45:57,180 INFO  o.s.i.endpoint.EventDrivenConsumer - Removing {bridge} as a subscriber to the 'alfresco.events.si.channel' channel
2025-07-19 08:45:57,180 INFO  o.s.i.channel.DirectChannel - Channel 'AlfrescoNodeVault.alfresco.events.si.channel' has 0 subscriber(s).
2025-07-19 08:45:57,180 INFO  o.s.i.endpoint.EventDrivenConsumer - stopped bean 'acsEventsSpringIntegrationFlow.org.springframework.integration.config.ConsumerEndpointFactoryBean#0'; from source: 'org.alfresco.event.sdk.autoconfigure.AlfrescoEventsAutoConfiguration.acsEventsSpringIntegrationFlow(org.springframework.integration.channel.PublishSubscribeChannel)'
2025-07-19 08:45:57,181 INFO  o.s.i.endpoint.EventDrivenConsumer - Removing {bridge} as a subscriber to the 'acsEventsSpringIntegrationFlow.channel#1' channel
2025-07-19 08:45:57,181 INFO  o.s.i.channel.DirectChannel - Channel 'AlfrescoNodeVault.acsEventsSpringIntegrationFlow.channel#1' has 0 subscriber(s).
2025-07-19 08:45:57,181 INFO  o.s.i.endpoint.EventDrivenConsumer - stopped bean 'acsEventsSpringIntegrationFlow.org.springframework.integration.config.ConsumerEndpointFactoryBean#1'; from source: 'org.alfresco.event.sdk.autoconfigure.AlfrescoEventsAutoConfiguration.acsEventsSpringIntegrationFlow(org.springframework.integration.channel.PublishSubscribeChannel)'
2025-07-19 08:45:57,181 INFO  o.s.i.endpoint.EventDrivenConsumer - Removing {bridge} as a subscriber to the 'alfresco.events.handlers.channel' channel
2025-07-19 08:45:57,181 INFO  o.s.i.channel.DirectChannel - Channel 'AlfrescoNodeVault.alfresco.events.handlers.channel' has 0 subscriber(s).
2025-07-19 08:45:57,181 INFO  o.s.i.endpoint.EventDrivenConsumer - stopped bean 'acsEventsHandlersFlow.org.springframework.integration.config.ConsumerEndpointFactoryBean#0'; from source: 'org.alfresco.event.sdk.autoconfigure.AlfrescoEventsAutoConfiguration.acsEventsHandlersFlow(org.alfresco.event.sdk.handling.EventHandlingExecutor)'
2025-07-19 08:45:57,181 INFO  o.s.i.channel.DirectChannel - Channel 'AlfrescoNodeVault.acsEventsHandlersFlow.channel#1' has 0 subscriber(s).
2025-07-19 08:45:57,181 INFO  o.s.i.endpoint.EventDrivenConsumer - stopped bean 'acsEventsHandlersFlow.org.springframework.integration.config.ConsumerEndpointFactoryBean#1'; from source: 'org.alfresco.event.sdk.autoconfigure.AlfrescoEventsAutoConfiguration.acsEventsHandlersFlow(org.alfresco.event.sdk.handling.EventHandlingExecutor)'
2025-07-19 08:45:57,181 INFO  o.s.i.endpoint.EventDrivenConsumer - Removing {logging-channel-adapter:_org.springframework.integration.errorLogger} as a subscriber to the 'errorChannel' channel
2025-07-19 08:45:57,181 INFO  o.s.i.c.PublishSubscribeChannel - Channel 'AlfrescoNodeVault.errorChannel' has 0 subscriber(s).
2025-07-19 08:45:57,181 INFO  o.s.i.endpoint.EventDrivenConsumer - stopped bean '_org.springframework.integration.errorLogger'
2025-07-19 08:45:57,188 INFO  org.saidone.component.BaseComponent - <<<<< Stopping NodeArchivingJob
2025-07-19 08:45:57,188 INFO  org.saidone.component.BaseComponent - <<<<< Stopping EthereumService
2025-07-19 08:45:57,188 INFO  org.saidone.component.BaseComponent - <<<<< Stopping VaultService
2025-07-19 08:45:57,189 INFO  org.saidone.component.BaseComponent - <<<<< Stopping S3ContentService
2025-07-19 08:45:57,189 INFO  org.saidone.component.BaseComponent - <<<<< Stopping EncryptedS3RepositoryImpl
2025-07-19 08:45:57,190 INFO  org.saidone.component.BaseComponent - <<<<< Stopping MongoNodeService
2025-07-19 08:45:57,190 INFO  org.saidone.component.BaseComponent - <<<<< Stopping AlfrescoService
2025-07-19 08:45:57,190 INFO  org.saidone.component.BaseComponent - <<<<< Stopping EncryptedMongoNodeRepositoryImpl
2025-07-19 08:45:57,190 INFO  org.saidone.component.BaseComponent - <<<<< Stopping BcCryptoServiceImpl
2025-07-19 08:45:57,190 INFO  org.saidone.component.BaseComponent - <<<<< Stopping SecretService
2025-07-19 08:45:57,191 INFO  org.saidone.component.BaseComponent - <<<<< Stopping AuditCollectionCreator
2025-07-19 08:45:57,191 INFO  org.saidone.component.BaseComponent - <<<<< Stopping AuditWebFilter
2025-07-19 08:45:57,191 INFO  org.saidone.component.BaseComponent - <<<<< Stopping AuditService
